# JRE version: OpenJDK Runtime Environment Temurin-21.0.7+6 (21.0.7+6) (build 21.0.7+6-LTS)
# Java VM: OpenJDK 64-Bit Server VM Temurin-21.0.7+6 (21.0.7+6-LTS, mixed mode, emulated-client, sharing, tiered, compressed oops, compressed class ptrs, g1 gc, windows-amd64)
GC Precious Log:
 CardTable entry size: 512
 Card Set container configuration: InlinePtr #cards 5 size 8 Array Of Cards #cards 12 size 40 Howl #buckets 4 coarsen threshold 1843 Howl Bitmap #cards 512 size 80 coarsen threshold 460 Card regions per heap region 1 cards per card region 2048
 CPUs: 12 total, 12 available
 Memory: 7518M
 Large Page Support: Disabled
 NUMA Support: Disabled
 Compressed Oops: Enabled (32-bit)
 Heap Region Size: 1M
 Heap Min Capacity: 8M
 Heap Initial Capacity: 118M
 Heap Max Capacity: 1G
 Pre-touch: Disabled
 Parallel Workers: 10
 Concurrent Workers: 3
 Concurrent Refinement Workers: 10
 Periodic GC: Disabled
Heap:
 garbage-first heap   total 96256K, used 48740K [0x00000000c0000000, 0x0000000100000000)
  region size 1024K, 1 young (1024K), 0 survivors (0K)
 Metaspace       used 59556K, committed 60416K, reserved 1114112K
  class space    used 7440K, committed 7808K, reserved 1048576K
GC Heap History (20 events):
Event: 18450.177 GC heap after
{Heap after GC invocations=1018 (full 979):
 garbage-first heap   total 96256K, used 48732K [0x00000000c0000000, 0x0000000100000000)
  region size 1024K, 0 young (0K), 0 survivors (0K)
 Metaspace       used 59546K, committed 60416K, reserved 1114112K
  class space    used 7438K, committed 7808K, reserved 1048576K
}
Event: 18460.418 GC heap before
{Heap before GC invocations=1018 (full 979):
 garbage-first heap   total 96256K, used 48732K [0x00000000c0000000, 0x0000000100000000)
  region size 1024K, 1 young (1024K), 0 survivors (0K)
 Metaspace       used 59556K, committed 60416K, reserved 1114112K
  class space    used 7440K, committed 7808K, reserved 1048576K
}
Event: 18460.451 GC heap after
{Heap after GC invocations=1019 (full 980):
 garbage-first heap   total 96256K, used 48745K [0x00000000c0000000, 0x0000000100000000)
  region size 1024K, 0 young (0K), 0 survivors (0K)
 Metaspace       used 59556K, committed 60416K, reserved 1114112K
  class space    used 7440K, committed 7808K, reserved 1048576K
}
Event: 18470.680 GC heap before
{Heap before GC invocations=1019 (full 980):
 garbage-first heap   total 96256K, used 48745K [0x00000000c0000000, 0x0000000100000000)
  region size 1024K, 1 young (1024K), 0 survivors (0K)
 Metaspace       used 59556K, committed 60416K, reserved 1114112K
  class space    used 7440K, committed 7808K, reserved 1048576K
}
Event: 18470.722 GC heap after
{Heap after GC invocations=1020 (full 981):
 garbage-first heap   total 96256K, used 48745K [0x00000000c0000000, 0x0000000100000000)
  region size 1024K, 0 young (0K), 0 survivors (0K)
 Metaspace       used 59556K, committed 60416K, reserved 1114112K
  class space    used 7440K, committed 7808K, reserved 1048576K
}
Event: 18480.999 GC heap before
{Heap before GC invocations=1020 (full 981):
 garbage-first heap   total 96256K, used 48745K [0x00000000c0000000, 0x0000000100000000)
  region size 1024K, 1 young (1024K), 0 survivors (0K)
 Metaspace       used 59556K, committed 60416K, reserved 1114112K
  class space    used 7440K, committed 7808K, reserved 1048576K
}
Event: 18481.035 GC heap after
{Heap after GC invocations=1021 (full 982):
 garbage-first heap   total 96256K, used 48745K [0x00000000c0000000, 0x0000000100000000)
  region size 1024K, 0 young (0K), 0 survivors (0K)
 Metaspace       used 59556K, committed 60416K, reserved 1114112K
  class space    used 7440K, committed 7808K, reserved 1048576K
}
Event: 18491.263 GC heap before
{Heap before GC invocations=1021 (full 982):
 garbage-first heap   total 96256K, used 48745K [0x00000000c0000000, 0x0000000100000000)
  region size 1024K, 1 young (1024K), 0 survivors (0K)
 Metaspace       used 59556K, committed 60416K, reserved 1114112K
  class space    used 7440K, committed 7808K, reserved 1048576K
}
Event: 18491.305 GC heap after
{Heap after GC invocations=1022 (full 983):
 garbage-first heap   total 96256K, used 48745K [0x00000000c0000000, 0x0000000100000000)
  region size 1024K, 0 young (0K), 0 survivors (0K)
 Metaspace       used 59556K, committed 60416K, reserved 1114112K
  class space    used 7440K, committed 7808K, reserved 1048576K
}
Event: 18501.632 GC heap before
{Heap before GC invocations=1022 (full 983):
 garbage-first heap   total 96256K, used 48745K [0x00000000c0000000, 0x0000000100000000)
  region size 1024K, 1 young (1024K), 0 survivors (0K)
 Metaspace       used 59556K, committed 60416K, reserved 1114112K
  class space    used 7440K, committed 7808K, reserved 1048576K
}
Event: 18501.666 GC heap after
{Heap after GC invocations=1023 (full 984):
 garbage-first heap   total 96256K, used 48745K [0x00000000c0000000, 0x0000000100000000)
  region size 1024K, 0 young (0K), 0 survivors (0K)
 Metaspace       used 59556K, committed 60416K, reserved 1114112K
  class space    used 7440K, committed 7808K, reserved 1048576K
}
Event: 18511.928 GC heap before
{Heap before GC invocations=1023 (full 984):
 garbage-first heap   total 96256K, used 48745K [0x00000000c0000000, 0x0000000100000000)
  region size 1024K, 1 young (1024K), 0 survivors (0K)
 Metaspace       used 59556K, committed 60416K, reserved 1114112K
  class space    used 7440K, committed 7808K, reserved 1048576K
}
Event: 18511.972 GC heap after
{Heap after GC invocations=1024 (full 985):
 garbage-first heap   total 96256K, used 48740K [0x00000000c0000000, 0x0000000100000000)
  region size 1024K, 0 young (0K), 0 survivors (0K)
 Metaspace       used 59556K, committed 60416K, reserved 1114112K
  class space    used 7440K, committed 7808K, reserved 1048576K
}
Event: 18522.221 GC heap before
{Heap before GC invocations=1024 (full 985):
 garbage-first heap   total 96256K, used 48740K [0x00000000c0000000, 0x0000000100000000)
  region size 1024K, 1 young (1024K), 0 survivors (0K)
 Metaspace       used 59556K, committed 60416K, reserved 1114112K
  class space    used 7440K, committed 7808K, reserved 1048576K
}
Event: 18522.258 GC heap after
{Heap after GC invocations=1025 (full 986):
 garbage-first heap   total 96256K, used 48740K [0x00000000c0000000, 0x0000000100000000)
  region size 1024K, 0 young (0K), 0 survivors (0K)
 Metaspace       used 59556K, committed 60416K, reserved 1114112K
  class space    used 7440K, committed 7808K, reserved 1048576K
}
Event: 18532.491 GC heap before
{Heap before GC invocations=1025 (full 986):
 garbage-first heap   total 96256K, used 48740K [0x00000000c0000000, 0x0000000100000000)
  region size 1024K, 1 young (1024K), 0 survivors (0K)
 Metaspace       used 59556K, committed 60416K, reserved 1114112K
  class space    used 7440K, committed 7808K, reserved 1048576K
}
Event: 18532.527 GC heap after
{Heap after GC invocations=1026 (full 987):
 garbage-first heap   total 96256K, used 48740K [0x00000000c0000000, 0x0000000100000000)
  region size 1024K, 0 young (0K), 0 survivors (0K)
 Metaspace       used 59556K, committed 60416K, reserved 1114112K
  class space    used 7440K, committed 7808K, reserved 1048576K
}
Event: 18542.765 GC heap before
{Heap before GC invocations=1026 (full 987):
 garbage-first heap   total 96256K, used 48740K [0x00000000c0000000, 0x0000000100000000)
  region size 1024K, 1 young (1024K), 0 survivors (0K)
 Metaspace       used 59556K, committed 60416K, reserved 1114112K
  class space    used 7440K, committed 7808K, reserved 1048576K
}
Event: 18542.807 GC heap after
{Heap after GC invocations=1027 (full 988):
 garbage-first heap   total 96256K, used 48740K [0x00000000c0000000, 0x0000000100000000)
  region size 1024K, 0 young (0K), 0 survivors (0K)
 Metaspace       used 59556K, committed 60416K, reserved 1114112K
  class space    used 7440K, committed 7808K, reserved 1048576K
}
Event: 18556.957 GC heap before
{Heap before GC invocations=1027 (full 988):
 garbage-first heap   total 96256K, used 48740K [0x00000000c0000000, 0x0000000100000000)
  region size 1024K, 1 young (1024K), 0 survivors (0K)
 Metaspace       used 59556K, committed 60416K, reserved 1114112K
  class space    used 7440K, committed 7808K, reserved 1048576K
}

