# JRE version: OpenJDK Runtime Environment Temurin-21.0.7+6 (21.0.7+6) (build 21.0.7+6-LTS)
# Java VM: OpenJDK 64-Bit Server VM Temurin-21.0.7+6 (21.0.7+6-LTS, mixed mode, emulated-client, sharing, tiered, compressed oops, compressed class ptrs, g1 gc, windows-amd64)
GC Precious Log:
 CardTable entry size: 512
 Card Set container configuration: InlinePtr #cards 5 size 8 Array Of Cards #cards 12 size 40 Howl #buckets 4 coarsen threshold 1843 Howl Bitmap #cards 512 size 80 coarsen threshold 460 Card regions per heap region 1 cards per card region 2048
 CPUs: 12 total, 12 available
 Memory: 7518M
 Large Page Support: Disabled
 NUMA Support: Disabled
 Compressed Oops: Enabled (32-bit)
 Heap Region Size: 1M
 Heap Min Capacity: 8M
 Heap Initial Capacity: 118M
 Heap Max Capacity: 1G
 Pre-touch: Disabled
 Parallel Workers: 10
 Concurrent Workers: 3
 Concurrent Refinement Workers: 10
 Periodic GC: Disabled
Heap:
 garbage-first heap   total 131072K, used 47687K [0x00000000c0000000, 0x0000000100000000)
  region size 1024K, 1 young (1024K), 0 survivors (0K)
 Metaspace       used 59923K, committed 60864K, reserved 1114112K
  class space    used 7502K, committed 7872K, reserved 1048576K
GC Heap History (20 events):
Event: 39291.191 GC heap after
{Heap after GC invocations=2640 (full 2596):
 garbage-first heap   total 131072K, used 47695K [0x00000000c0000000, 0x0000000100000000)
  region size 1024K, 0 young (0K), 0 survivors (0K)
 Metaspace       used 59934K, committed 60864K, reserved 1114112K
  class space    used 7503K, committed 7872K, reserved 1048576K
}
Event: 39301.653 GC heap before
{Heap before GC invocations=2640 (full 2596):
 garbage-first heap   total 131072K, used 47695K [0x00000000c0000000, 0x0000000100000000)
  region size 1024K, 1 young (1024K), 0 survivors (0K)
 Metaspace       used 59934K, committed 60864K, reserved 1114112K
  class space    used 7503K, committed 7872K, reserved 1048576K
}
Event: 39301.701 GC heap after
{Heap after GC invocations=2641 (full 2597):
 garbage-first heap   total 131072K, used 47695K [0x00000000c0000000, 0x0000000100000000)
  region size 1024K, 0 young (0K), 0 survivors (0K)
 Metaspace       used 59934K, committed 60864K, reserved 1114112K
  class space    used 7503K, committed 7872K, reserved 1048576K
}
Event: 39312.189 GC heap before
{Heap before GC invocations=2641 (full 2597):
 garbage-first heap   total 131072K, used 47695K [0x00000000c0000000, 0x0000000100000000)
  region size 1024K, 1 young (1024K), 0 survivors (0K)
 Metaspace       used 59934K, committed 60864K, reserved 1114112K
  class space    used 7503K, committed 7872K, reserved 1048576K
}
Event: 39312.235 GC heap after
{Heap after GC invocations=2642 (full 2598):
 garbage-first heap   total 131072K, used 47695K [0x00000000c0000000, 0x0000000100000000)
  region size 1024K, 0 young (0K), 0 survivors (0K)
 Metaspace       used 59934K, committed 60864K, reserved 1114112K
  class space    used 7503K, committed 7872K, reserved 1048576K
}
Event: 39322.687 GC heap before
{Heap before GC invocations=2642 (full 2598):
 garbage-first heap   total 131072K, used 47695K [0x00000000c0000000, 0x0000000100000000)
  region size 1024K, 1 young (1024K), 0 survivors (0K)
 Metaspace       used 59934K, committed 60864K, reserved 1114112K
  class space    used 7503K, committed 7872K, reserved 1048576K
}
Event: 39322.734 GC heap after
{Heap after GC invocations=2643 (full 2599):
 garbage-first heap   total 131072K, used 47695K [0x00000000c0000000, 0x0000000100000000)
  region size 1024K, 0 young (0K), 0 survivors (0K)
 Metaspace       used 59934K, committed 60864K, reserved 1114112K
  class space    used 7503K, committed 7872K, reserved 1048576K
}
Event: 39333.392 GC heap before
{Heap before GC invocations=2643 (full 2599):
 garbage-first heap   total 131072K, used 47695K [0x00000000c0000000, 0x0000000100000000)
  region size 1024K, 1 young (1024K), 0 survivors (0K)
 Metaspace       used 59934K, committed 60864K, reserved 1114112K
  class space    used 7503K, committed 7872K, reserved 1048576K
}
Event: 39333.451 GC heap after
{Heap after GC invocations=2644 (full 2600):
 garbage-first heap   total 131072K, used 47695K [0x00000000c0000000, 0x0000000100000000)
  region size 1024K, 0 young (0K), 0 survivors (0K)
 Metaspace       used 59934K, committed 60864K, reserved 1114112K
  class space    used 7503K, committed 7872K, reserved 1048576K
}
Event: 39344.078 GC heap before
{Heap before GC invocations=2644 (full 2600):
 garbage-first heap   total 131072K, used 47695K [0x00000000c0000000, 0x0000000100000000)
  region size 1024K, 1 young (1024K), 0 survivors (0K)
 Metaspace       used 59934K, committed 60864K, reserved 1114112K
  class space    used 7503K, committed 7872K, reserved 1048576K
}
Event: 39344.139 GC heap after
{Heap after GC invocations=2645 (full 2601):
 garbage-first heap   total 131072K, used 47695K [0x00000000c0000000, 0x0000000100000000)
  region size 1024K, 0 young (0K), 0 survivors (0K)
 Metaspace       used 59934K, committed 60864K, reserved 1114112K
  class space    used 7503K, committed 7872K, reserved 1048576K
}
Event: 39354.603 GC heap before
{Heap before GC invocations=2645 (full 2601):
 garbage-first heap   total 131072K, used 47695K [0x00000000c0000000, 0x0000000100000000)
  region size 1024K, 1 young (1024K), 0 survivors (0K)
 Metaspace       used 59934K, committed 60864K, reserved 1114112K
  class space    used 7503K, committed 7872K, reserved 1048576K
}
Event: 39354.652 GC heap after
{Heap after GC invocations=2646 (full 2602):
 garbage-first heap   total 131072K, used 47695K [0x00000000c0000000, 0x0000000100000000)
  region size 1024K, 0 young (0K), 0 survivors (0K)
 Metaspace       used 59934K, committed 60864K, reserved 1114112K
  class space    used 7503K, committed 7872K, reserved 1048576K
}
Event: 39365.106 GC heap before
{Heap before GC invocations=2646 (full 2602):
 garbage-first heap   total 131072K, used 47695K [0x00000000c0000000, 0x0000000100000000)
  region size 1024K, 1 young (1024K), 0 survivors (0K)
 Metaspace       used 59934K, committed 60864K, reserved 1114112K
  class space    used 7503K, committed 7872K, reserved 1048576K
}
Event: 39365.474 GC heap after
{Heap after GC invocations=2647 (full 2603):
 garbage-first heap   total 131072K, used 47687K [0x00000000c0000000, 0x0000000100000000)
  region size 1024K, 0 young (0K), 0 survivors (0K)
 Metaspace       used 59923K, committed 60864K, reserved 1114112K
  class space    used 7502K, committed 7872K, reserved 1048576K
}
Event: 39375.982 GC heap before
{Heap before GC invocations=2647 (full 2603):
 garbage-first heap   total 131072K, used 47687K [0x00000000c0000000, 0x0000000100000000)
  region size 1024K, 1 young (1024K), 0 survivors (0K)
 Metaspace       used 59923K, committed 60864K, reserved 1114112K
  class space    used 7502K, committed 7872K, reserved 1048576K
}
Event: 39376.030 GC heap after
{Heap after GC invocations=2648 (full 2604):
 garbage-first heap   total 131072K, used 47687K [0x00000000c0000000, 0x0000000100000000)
  region size 1024K, 0 young (0K), 0 survivors (0K)
 Metaspace       used 59923K, committed 60864K, reserved 1114112K
  class space    used 7502K, committed 7872K, reserved 1048576K
}
Event: 39386.568 GC heap before
{Heap before GC invocations=2648 (full 2604):
 garbage-first heap   total 131072K, used 47687K [0x00000000c0000000, 0x0000000100000000)
  region size 1024K, 1 young (1024K), 0 survivors (0K)
 Metaspace       used 59923K, committed 60864K, reserved 1114112K
  class space    used 7502K, committed 7872K, reserved 1048576K
}
Event: 39386.618 GC heap after
{Heap after GC invocations=2649 (full 2605):
 garbage-first heap   total 131072K, used 47687K [0x00000000c0000000, 0x0000000100000000)
  region size 1024K, 0 young (0K), 0 survivors (0K)
 Metaspace       used 59923K, committed 60864K, reserved 1114112K
  class space    used 7502K, committed 7872K, reserved 1048576K
}
Event: 39397.236 GC heap before
{Heap before GC invocations=2649 (full 2605):
 garbage-first heap   total 131072K, used 47687K [0x00000000c0000000, 0x0000000100000000)
  region size 1024K, 1 young (1024K), 0 survivors (0K)
 Metaspace       used 59923K, committed 60864K, reserved 1114112K
  class space    used 7502K, committed 7872K, reserved 1048576K
}

